<?xml version="1.0" encoding="UTF-8"?>
<!-- Generated by org.testng.reporters.JUnitXMLReporter -->
<testsuite ignored="0" hostname="LAPTOP-04U3FJV9" failures="4" tests="16" name="MavenProjecExample" time="209.134" errors="0" timestamp="2025-04-19T15:15:47 IST">
  <testcase classname="parameterizationexample.DataProviderWithExcel" name="parmeterizationmethod" time="8.196">
    <skipped/>
  </testcase> <!-- parmeterizationmethod -->
  <testcase classname="parameterizationexample.DataProviderWithExcel" name="parmeterizationmethod" time="4.921">
    <skipped/>
  </testcase> <!-- parmeterizationmethod -->
  <testcase classname="parameterizationexample.DataProviderWithExcel" name="parmeterizationmethod" time="4.732">
    <skipped/>
  </testcase> <!-- parmeterizationmethod -->
  <testcase classname="parameterizationexample.DataProviderWithExcel" name="parmeterizationmethod" time="7.761">
    <failure type="java.lang.AssertionError" message="expected [true] but found [false]">
      <![CDATA[java.lang.AssertionError: expected [true] but found [false]
at parameterizationexample.DataProviderWithExcel.parmeterizationmethod(DataProviderWithExcel.java:58)
at java.base/java.util.ArrayList.forEach(ArrayList.java:1511)
at com.intellij.rt.testng.IDEARemoteTestNG.run(IDEARemoteTestNG.java:65)
at com.intellij.rt.testng.RemoteTestNGStarter.main(RemoteTestNGStarter.java:105)
... Removed 28 stack frames]]>
    </failure>
  </testcase> <!-- parmeterizationmethod -->
  <testcase classname="parameterizationexample.DataProviderWithExcel" name="parmeterizationmethod" time="7.548">
    <skipped/>
  </testcase> <!-- parmeterizationmethod -->
  <testcase classname="parameterizationexample.DataProviderWithExcel" name="parmeterizationmethod" time="16.486">
    <skipped/>
  </testcase> <!-- parmeterizationmethod -->
  <testcase classname="parameterizationexample.DataProviderWithExcel" name="parmeterizationmethod" time="7.068">
    <skipped/>
  </testcase> <!-- parmeterizationmethod -->
  <testcase classname="parameterizationexample.DataProviderWithExcel" name="parmeterizationmethod" time="7.099">
    <failure type="java.lang.AssertionError" message="expected [true] but found [false]">
      <![CDATA[java.lang.AssertionError: expected [true] but found [false]
at parameterizationexample.DataProviderWithExcel.parmeterizationmethod(DataProviderWithExcel.java:58)
at java.base/java.util.ArrayList.forEach(ArrayList.java:1511)
at com.intellij.rt.testng.IDEARemoteTestNG.run(IDEARemoteTestNG.java:65)
at com.intellij.rt.testng.RemoteTestNGStarter.main(RemoteTestNGStarter.java:105)
... Removed 28 stack frames]]>
    </failure>
  </testcase> <!-- parmeterizationmethod -->
  <testcase classname="parameterizationexample.DataProviderWithExcel" name="parmeterizationmethod" time="7.646">
    <skipped/>
  </testcase> <!-- parmeterizationmethod -->
  <testcase classname="parameterizationexample.DataProviderWithExcel" name="parmeterizationmethod" time="8.087">
    <skipped/>
  </testcase> <!-- parmeterizationmethod -->
  <testcase classname="parameterizationexample.DataProviderWithExcel" name="parmeterizationmethod" time="18.276">
    <skipped/>
  </testcase> <!-- parmeterizationmethod -->
  <testcase classname="parameterizationexample.DataProviderWithExcel" name="parmeterizationmethod" time="36.021">
    <failure type="java.lang.AssertionError" message="expected [true] but found [false]">
      <![CDATA[java.lang.AssertionError: expected [true] but found [false]
at parameterizationexample.DataProviderWithExcel.parmeterizationmethod(DataProviderWithExcel.java:58)
at java.base/java.util.ArrayList.forEach(ArrayList.java:1511)
at com.intellij.rt.testng.IDEARemoteTestNG.run(IDEARemoteTestNG.java:65)
at com.intellij.rt.testng.RemoteTestNGStarter.main(RemoteTestNGStarter.java:105)
... Removed 28 stack frames]]>
    </failure>
  </testcase> <!-- parmeterizationmethod -->
  <testcase classname="parameterizationexample.DataProviderWithExcel" name="parmeterizationmethod" time="34.205">
    <skipped/>
  </testcase> <!-- parmeterizationmethod -->
  <testcase classname="parameterizationexample.DataProviderWithExcel" name="parmeterizationmethod" time="16.742">
    <skipped/>
  </testcase> <!-- parmeterizationmethod -->
  <testcase classname="parameterizationexample.DataProviderWithExcel" name="parmeterizationmethod" time="14.109">
    <skipped/>
  </testcase> <!-- parmeterizationmethod -->
  <testcase classname="parameterizationexample.DataProviderWithExcel" name="parmeterizationmethod" time="8.736">
    <failure type="java.lang.AssertionError" message="expected [true] but found [false]">
      <![CDATA[java.lang.AssertionError: expected [true] but found [false]
at parameterizationexample.DataProviderWithExcel.parmeterizationmethod(DataProviderWithExcel.java:58)
at java.base/java.util.ArrayList.forEach(ArrayList.java:1511)
at com.intellij.rt.testng.IDEARemoteTestNG.run(IDEARemoteTestNG.java:65)
at com.intellij.rt.testng.RemoteTestNGStarter.main(RemoteTestNGStarter.java:105)
... Removed 28 stack frames]]>
    </failure>
  </testcase> <!-- parmeterizationmethod -->
</testsuite> <!-- MavenProjecExample -->
